<?xml version="1.0" encoding="UTF-8"?>
<!-- Generated by org.testng.reporters.JUnitReportReporter -->
<testsuite hostname="Laxman" name="automation.TestProject.TestSauceProject" tests="7" failures="0" timestamp="1 Jul 2021 03:23:32 GMT" time="30.523" errors="0">
  <testcase name="addingItemToCart" time="13.216" classname="automation.TestProject.TestSauceProject"/>
  <testcase name="viewingCart" time="6.200" classname="automation.TestProject.TestSauceProject"/>
  <testcase name="enterPassword" time="2.133" classname="automation.TestProject.TestSauceProject"/>
  <testcase name="clickLoginButton" time="2.167" classname="automation.TestProject.TestSauceProject"/>
  <testcase name="selectLowToHighPriceFilter" time="2.321" classname="automation.TestProject.TestSauceProject"/>
  <testcase name="enterUserName" time="2.270" classname="automation.TestProject.TestSauceProject"/>
  <testcase name="clickOnFilterDropDown" time="2.216" classname="automation.TestProject.TestSauceProject"/>
</testsuite> <!-- automation.TestProject.TestSauceProject -->
